build/app/intermediates/manifest_merge_blame_file/debug/manifest-merger-blame-debug-report.txt
1<?xml version="1.0" encoding="utf-8"?>
2<manifest xmlns:android="http://schemas.android.com/apk/res/android"
3    package="com.example.news_app"
4    android:versionCode="1"
5    android:versionName="1.0.0" >
6
7    <uses-sdk
8        android:minSdkVersion="21"
9        android:targetSdkVersion="31" />
10    <!--
11         The INTERNET permission is required for development. Specifically,
12         the Flutter tool needs it to communicate with the running application
13         to allow setting breakpoints, to provide hot reload, etc.
14    -->
15    <uses-permission android:name="android.permission.INTERNET" />
15-->src/debug/AndroidManifest.xml:7:5-66
15-->src/debug/AndroidManifest.xml:7:22-64
16    <!-- Create a unique permission for your app and use it so only your app can receive your OneSignal messages. -->
17    <permission
17-->[com.onesignal:OneSignal:4.8.2] AndroidManifest.xml:7:5-9:47
18        android:name="com.example.news_app.permission.C2D_MESSAGE"
18-->[com.onesignal:OneSignal:4.8.2] AndroidManifest.xml:8:9-63
19        android:protectionLevel="signature" />
19-->[com.onesignal:OneSignal:4.8.2] AndroidManifest.xml:9:9-44
20
21    <uses-permission android:name="com.example.news_app.permission.C2D_MESSAGE" /> <!-- OneSignal SDK has runtime checks Android version. -->
21-->[com.onesignal:OneSignal:4.8.2] AndroidManifest.xml:11:5-79
21-->[com.onesignal:OneSignal:4.8.2] AndroidManifest.xml:11:22-76
22    <!-- <uses-sdk tools:overrideLibrary="android.support.customtabs"/> -->
23    <!-- Required runtime permission to display notifications on Android 13 -->
24    <uses-permission android:name="android.permission.POST_NOTIFICATIONS" /> <!-- c2dm RECEIVE are basic requirements for push messages through Google's FCM -->
24-->[com.onesignal:OneSignal:4.8.2] AndroidManifest.xml:16:5-77
24-->[com.onesignal:OneSignal:4.8.2] AndroidManifest.xml:16:22-74
25    <uses-permission android:name="com.google.android.c2dm.permission.RECEIVE" /> <!-- Required, makes sure notifications are delivered on time. -->
25-->[com.onesignal:OneSignal:4.8.2] AndroidManifest.xml:18:5-82
25-->[com.onesignal:OneSignal:4.8.2] AndroidManifest.xml:18:22-79
26    <uses-permission android:name="android.permission.WAKE_LOCK" />
26-->[com.onesignal:OneSignal:4.8.2] AndroidManifest.xml:19:5-68
26-->[com.onesignal:OneSignal:4.8.2] AndroidManifest.xml:19:22-65
27    <!--
28 Required so the device vibrates on receiving a push notification.
29         Vibration settings of the device still apply.
30    -->
31    <uses-permission android:name="android.permission.VIBRATE" />
31-->[com.onesignal:OneSignal:4.8.2] AndroidManifest.xml:24:5-66
31-->[com.onesignal:OneSignal:4.8.2] AndroidManifest.xml:24:22-63
32    <uses-permission android:name="android.permission.ACCESS_NETWORK_STATE" />
32-->[com.onesignal:OneSignal:4.8.2] AndroidManifest.xml:25:5-79
32-->[com.onesignal:OneSignal:4.8.2] AndroidManifest.xml:25:22-76
33    <!--
34 Use to restore notifications the user hasn't interacted with.
35         They could be missed notifications if the user reboots their device if this isn't in place.
36    -->
37    <uses-permission android:name="android.permission.RECEIVE_BOOT_COMPLETED" /> <!-- START: ShortcutBadger -->
37-->[com.onesignal:OneSignal:4.8.2] AndroidManifest.xml:30:5-81
37-->[com.onesignal:OneSignal:4.8.2] AndroidManifest.xml:30:22-78
38    <!-- Samsung -->
39    <uses-permission android:name="com.sec.android.provider.badge.permission.READ" />
39-->[com.onesignal:OneSignal:4.8.2] AndroidManifest.xml:32:5-86
39-->[com.onesignal:OneSignal:4.8.2] AndroidManifest.xml:32:22-83
40    <uses-permission android:name="com.sec.android.provider.badge.permission.WRITE" /> <!-- HTC -->
40-->[com.onesignal:OneSignal:4.8.2] AndroidManifest.xml:33:5-87
40-->[com.onesignal:OneSignal:4.8.2] AndroidManifest.xml:33:22-84
41    <uses-permission android:name="com.htc.launcher.permission.READ_SETTINGS" />
41-->[com.onesignal:OneSignal:4.8.2] AndroidManifest.xml:34:5-81
41-->[com.onesignal:OneSignal:4.8.2] AndroidManifest.xml:34:22-78
42    <uses-permission android:name="com.htc.launcher.permission.UPDATE_SHORTCUT" /> <!-- Sony -->
42-->[com.onesignal:OneSignal:4.8.2] AndroidManifest.xml:35:5-83
42-->[com.onesignal:OneSignal:4.8.2] AndroidManifest.xml:35:22-80
43    <uses-permission android:name="com.sonyericsson.home.permission.BROADCAST_BADGE" />
43-->[com.onesignal:OneSignal:4.8.2] AndroidManifest.xml:36:5-88
43-->[com.onesignal:OneSignal:4.8.2] AndroidManifest.xml:36:22-85
44    <uses-permission android:name="com.sonymobile.home.permission.PROVIDER_INSERT_BADGE" /> <!-- Apex -->
44-->[com.onesignal:OneSignal:4.8.2] AndroidManifest.xml:37:5-92
44-->[com.onesignal:OneSignal:4.8.2] AndroidManifest.xml:37:22-89
45    <uses-permission android:name="com.anddoes.launcher.permission.UPDATE_COUNT" /> <!-- Solid -->
45-->[com.onesignal:OneSignal:4.8.2] AndroidManifest.xml:38:5-84
45-->[com.onesignal:OneSignal:4.8.2] AndroidManifest.xml:38:22-81
46    <uses-permission android:name="com.majeur.launcher.permission.UPDATE_BADGE" /> <!-- Huawei -->
46-->[com.onesignal:OneSignal:4.8.2] AndroidManifest.xml:39:5-83
46-->[com.onesignal:OneSignal:4.8.2] AndroidManifest.xml:39:22-80
47    <uses-permission android:name="com.huawei.android.launcher.permission.CHANGE_BADGE" />
47-->[com.onesignal:OneSignal:4.8.2] AndroidManifest.xml:40:5-91
47-->[com.onesignal:OneSignal:4.8.2] AndroidManifest.xml:40:22-88
48    <uses-permission android:name="com.huawei.android.launcher.permission.READ_SETTINGS" />
48-->[com.onesignal:OneSignal:4.8.2] AndroidManifest.xml:41:5-92
48-->[com.onesignal:OneSignal:4.8.2] AndroidManifest.xml:41:22-89
49    <uses-permission android:name="com.huawei.android.launcher.permission.WRITE_SETTINGS" /> <!-- ZUK -->
49-->[com.onesignal:OneSignal:4.8.2] AndroidManifest.xml:42:5-93
49-->[com.onesignal:OneSignal:4.8.2] AndroidManifest.xml:42:22-90
50    <uses-permission android:name="android.permission.READ_APP_BADGE" /> <!-- OPPO -->
50-->[com.onesignal:OneSignal:4.8.2] AndroidManifest.xml:43:5-73
50-->[com.onesignal:OneSignal:4.8.2] AndroidManifest.xml:43:22-70
51    <uses-permission android:name="com.oppo.launcher.permission.READ_SETTINGS" />
51-->[com.onesignal:OneSignal:4.8.2] AndroidManifest.xml:44:5-82
51-->[com.onesignal:OneSignal:4.8.2] AndroidManifest.xml:44:22-79
52    <uses-permission android:name="com.oppo.launcher.permission.WRITE_SETTINGS" /> <!-- EvMe -->
52-->[com.onesignal:OneSignal:4.8.2] AndroidManifest.xml:45:5-83
52-->[com.onesignal:OneSignal:4.8.2] AndroidManifest.xml:45:22-80
53    <uses-permission android:name="me.everything.badger.permission.BADGE_COUNT_READ" />
53-->[com.onesignal:OneSignal:4.8.2] AndroidManifest.xml:46:5-88
53-->[com.onesignal:OneSignal:4.8.2] AndroidManifest.xml:46:22-85
54    <uses-permission android:name="me.everything.badger.permission.BADGE_COUNT_WRITE" />
54-->[com.onesignal:OneSignal:4.8.2] AndroidManifest.xml:47:5-89
54-->[com.onesignal:OneSignal:4.8.2] AndroidManifest.xml:47:22-86
55    <uses-permission android:name="android.permission.FOREGROUND_SERVICE" />
55-->[androidx.work:work-runtime:2.7.1] AndroidManifest.xml:28:5-77
55-->[androidx.work:work-runtime:2.7.1] AndroidManifest.xml:28:22-74
56
57    <application
58        android:name="android.app.Application"
59        android:appComponentFactory="androidx.core.app.CoreComponentFactory"
59-->[androidx.core:core:1.6.0] AndroidManifest.xml:24:18-86
60        android:debuggable="true"
61        android:icon="@mipmap/ic_launcher"
62        android:label="news_app" >
63        <activity
64            android:name="com.example.news_app.MainActivity"
65            android:configChanges="orientation|keyboardHidden|keyboard|screenSize|smallestScreenSize|locale|layoutDirection|fontScale|screenLayout|density|uiMode"
66            android:exported="true"
67            android:hardwareAccelerated="true"
68            android:launchMode="singleTop"
69            android:theme="@style/LaunchTheme"
70            android:windowSoftInputMode="adjustResize" >
71
72            <!--
73                 Specifies an Android theme to apply to this Activity as soon as
74                 the Android process has started. This theme is visible to the user
75                 while the Flutter UI initializes. After that, this theme continues
76                 to determine the Window background behind the Flutter UI.
77            -->
78            <meta-data
79                android:name="io.flutter.embedding.android.NormalTheme"
80                android:resource="@style/NormalTheme" />
81
82            <intent-filter>
83                <action android:name="android.intent.action.MAIN" />
84
85                <category android:name="android.intent.category.LAUNCHER" />
86            </intent-filter>
87        </activity>
88        <!--
89             Don't delete the meta-data below.
90             This is used by the Flutter tool to generate GeneratedPluginRegistrant.java
91        -->
92        <meta-data
93            android:name="flutterEmbedding"
94            android:value="2" />
95
96        <service
96-->[:firebase_core] AndroidManifest.xml:10:9-14:19
97            android:name="com.google.firebase.components.ComponentDiscoveryService"
97-->[:firebase_core] AndroidManifest.xml:10:18-89
98            android:directBootAware="true"
98-->[com.google.firebase:firebase-common:20.1.2] AndroidManifest.xml:35:13-43
99            android:exported="false" >
99-->[com.google.firebase:firebase-messaging:23.0.8] AndroidManifest.xml:55:13-37
100            <meta-data
100-->[:firebase_core] AndroidManifest.xml:11:13-13:85
101                android:name="com.google.firebase.components:io.flutter.plugins.firebase.core.FlutterFirebaseCoreRegistrar"
101-->[:firebase_core] AndroidManifest.xml:12:17-124
102                android:value="com.google.firebase.components.ComponentRegistrar" />
102-->[:firebase_core] AndroidManifest.xml:13:17-82
103            <meta-data
103-->[com.google.firebase:firebase-messaging:23.0.8] AndroidManifest.xml:56:13-58:85
104                android:name="com.google.firebase.components:com.google.firebase.messaging.FirebaseMessagingRegistrar"
104-->[com.google.firebase:firebase-messaging:23.0.8] AndroidManifest.xml:57:17-119
105                android:value="com.google.firebase.components.ComponentRegistrar" />
105-->[com.google.firebase:firebase-messaging:23.0.8] AndroidManifest.xml:58:17-82
106            <meta-data
106-->[com.google.firebase:firebase-datatransport:18.1.6] AndroidManifest.xml:28:13-30:85
107                android:name="com.google.firebase.components:com.google.firebase.datatransport.TransportRegistrar"
107-->[com.google.firebase:firebase-datatransport:18.1.6] AndroidManifest.xml:29:17-115
108                android:value="com.google.firebase.components.ComponentRegistrar" />
108-->[com.google.firebase:firebase-datatransport:18.1.6] AndroidManifest.xml:30:17-82
109            <meta-data
109-->[com.google.firebase:firebase-installations:17.0.3] AndroidManifest.xml:18:13-20:85
110                android:name="com.google.firebase.components:com.google.firebase.installations.FirebaseInstallationsRegistrar"
110-->[com.google.firebase:firebase-installations:17.0.3] AndroidManifest.xml:19:17-127
111                android:value="com.google.firebase.components.ComponentRegistrar" />
111-->[com.google.firebase:firebase-installations:17.0.3] AndroidManifest.xml:20:17-82
112        </service>
113
114        <receiver
114-->[com.onesignal:OneSignal:4.8.2] AndroidManifest.xml:50:9-61:20
115            android:name="com.onesignal.FCMBroadcastReceiver"
115-->[com.onesignal:OneSignal:4.8.2] AndroidManifest.xml:51:13-62
116            android:exported="true"
116-->[com.onesignal:OneSignal:4.8.2] AndroidManifest.xml:52:13-36
117            android:permission="com.google.android.c2dm.permission.SEND" >
117-->[com.onesignal:OneSignal:4.8.2] AndroidManifest.xml:53:13-73
118
119            <!-- High priority so OneSignal payloads can be filtered from other FCM receivers -->
120            <intent-filter android:priority="999" >
120-->[com.onesignal:OneSignal:4.8.2] AndroidManifest.xml:56:13-60:29
120-->[com.onesignal:OneSignal:4.8.2] AndroidManifest.xml:56:28-50
121                <action android:name="com.google.android.c2dm.intent.RECEIVE" />
121-->[com.onesignal:OneSignal:4.8.2] AndroidManifest.xml:57:17-81
121-->[com.onesignal:OneSignal:4.8.2] AndroidManifest.xml:57:25-78
122
123                <category android:name="com.example.news_app" />
123-->[com.onesignal:OneSignal:4.8.2] AndroidManifest.xml:59:17-61
123-->[com.onesignal:OneSignal:4.8.2] AndroidManifest.xml:59:27-58
124            </intent-filter>
125        </receiver>
126
127        <service
127-->[com.onesignal:OneSignal:4.8.2] AndroidManifest.xml:63:9-69:19
128            android:name="com.onesignal.HmsMessageServiceOneSignal"
128-->[com.onesignal:OneSignal:4.8.2] AndroidManifest.xml:64:13-68
129            android:exported="false" >
129-->[com.onesignal:OneSignal:4.8.2] AndroidManifest.xml:65:13-37
130            <intent-filter>
130-->[com.onesignal:OneSignal:4.8.2] AndroidManifest.xml:66:13-68:29
131                <action android:name="com.huawei.push.action.MESSAGING_EVENT" />
131-->[com.onesignal:OneSignal:4.8.2] AndroidManifest.xml:67:17-81
131-->[com.onesignal:OneSignal:4.8.2] AndroidManifest.xml:67:25-78
132            </intent-filter>
133        </service>
134
135        <activity
135-->[com.onesignal:OneSignal:4.8.2] AndroidManifest.xml:71:9-79:20
136            android:name="com.onesignal.NotificationOpenedActivityHMS"
136-->[com.onesignal:OneSignal:4.8.2] AndroidManifest.xml:72:13-71
137            android:exported="true"
137-->[com.onesignal:OneSignal:4.8.2] AndroidManifest.xml:73:13-36
138            android:noHistory="true"
138-->[com.onesignal:OneSignal:4.8.2] AndroidManifest.xml:74:13-37
139            android:theme="@android:style/Theme.Translucent.NoTitleBar" >
139-->[com.onesignal:OneSignal:4.8.2] AndroidManifest.xml:75:13-72
140            <intent-filter>
140-->[com.onesignal:OneSignal:4.8.2] AndroidManifest.xml:76:13-78:29
141                <action android:name="android.intent.action.VIEW" />
141-->[com.onesignal:OneSignal:4.8.2] AndroidManifest.xml:77:17-69
141-->[com.onesignal:OneSignal:4.8.2] AndroidManifest.xml:77:25-66
142            </intent-filter>
143        </activity>
144
145        <service
145-->[com.onesignal:OneSignal:4.8.2] AndroidManifest.xml:81:9-83:40
146            android:name="com.onesignal.FCMIntentService"
146-->[com.onesignal:OneSignal:4.8.2] AndroidManifest.xml:82:13-58
147            android:exported="false" />
147-->[com.onesignal:OneSignal:4.8.2] AndroidManifest.xml:83:13-37
148        <service
148-->[com.onesignal:OneSignal:4.8.2] AndroidManifest.xml:84:9-87:72
149            android:name="com.onesignal.FCMIntentJobService"
149-->[com.onesignal:OneSignal:4.8.2] AndroidManifest.xml:85:13-61
150            android:exported="false"
150-->[com.onesignal:OneSignal:4.8.2] AndroidManifest.xml:86:13-37
151            android:permission="android.permission.BIND_JOB_SERVICE" />
151-->[com.onesignal:OneSignal:4.8.2] AndroidManifest.xml:87:13-69
152        <service
152-->[com.onesignal:OneSignal:4.8.2] AndroidManifest.xml:88:9-91:43
153            android:name="com.onesignal.SyncService"
153-->[com.onesignal:OneSignal:4.8.2] AndroidManifest.xml:89:13-53
154            android:exported="false"
154-->[com.onesignal:OneSignal:4.8.2] AndroidManifest.xml:90:13-37
155            android:stopWithTask="true" />
155-->[com.onesignal:OneSignal:4.8.2] AndroidManifest.xml:91:13-40
156        <service
156-->[com.onesignal:OneSignal:4.8.2] AndroidManifest.xml:92:9-95:72
157            android:name="com.onesignal.SyncJobService"
157-->[com.onesignal:OneSignal:4.8.2] AndroidManifest.xml:93:13-56
158            android:exported="false"
158-->[com.onesignal:OneSignal:4.8.2] AndroidManifest.xml:94:13-37
159            android:permission="android.permission.BIND_JOB_SERVICE" />
159-->[com.onesignal:OneSignal:4.8.2] AndroidManifest.xml:95:13-69
160
161        <activity
161-->[com.onesignal:OneSignal:4.8.2] AndroidManifest.xml:97:9-100:75
162            android:name="com.onesignal.PermissionsActivity"
162-->[com.onesignal:OneSignal:4.8.2] AndroidManifest.xml:98:13-61
163            android:exported="false"
163-->[com.onesignal:OneSignal:4.8.2] AndroidManifest.xml:99:13-37
164            android:theme="@android:style/Theme.Translucent.NoTitleBar" />
164-->[com.onesignal:OneSignal:4.8.2] AndroidManifest.xml:100:13-72
165
166        <receiver
166-->[com.onesignal:OneSignal:4.8.2] AndroidManifest.xml:102:9-104:39
167            android:name="com.onesignal.NotificationDismissReceiver"
167-->[com.onesignal:OneSignal:4.8.2] AndroidManifest.xml:103:13-69
168            android:exported="true" />
168-->[com.onesignal:OneSignal:4.8.2] AndroidManifest.xml:104:13-36
169        <receiver
169-->[com.onesignal:OneSignal:4.8.2] AndroidManifest.xml:105:9-112:20
170            android:name="com.onesignal.BootUpReceiver"
170-->[com.onesignal:OneSignal:4.8.2] AndroidManifest.xml:106:13-56
171            android:exported="true" >
171-->[com.onesignal:OneSignal:4.8.2] AndroidManifest.xml:107:13-36
172            <intent-filter>
172-->[com.onesignal:OneSignal:4.8.2] AndroidManifest.xml:108:13-111:29
173                <action android:name="android.intent.action.BOOT_COMPLETED" />
173-->[com.onesignal:OneSignal:4.8.2] AndroidManifest.xml:109:17-79
173-->[com.onesignal:OneSignal:4.8.2] AndroidManifest.xml:109:25-76
174                <action android:name="android.intent.action.QUICKBOOT_POWERON" />
174-->[com.onesignal:OneSignal:4.8.2] AndroidManifest.xml:110:17-82
174-->[com.onesignal:OneSignal:4.8.2] AndroidManifest.xml:110:25-79
175            </intent-filter>
176        </receiver>
177        <receiver
177-->[com.onesignal:OneSignal:4.8.2] AndroidManifest.xml:113:9-119:20
178            android:name="com.onesignal.UpgradeReceiver"
178-->[com.onesignal:OneSignal:4.8.2] AndroidManifest.xml:114:13-57
179            android:exported="true" >
179-->[com.onesignal:OneSignal:4.8.2] AndroidManifest.xml:115:13-36
180            <intent-filter>
180-->[com.onesignal:OneSignal:4.8.2] AndroidManifest.xml:116:13-118:29
181                <action android:name="android.intent.action.MY_PACKAGE_REPLACED" />
181-->[com.onesignal:OneSignal:4.8.2] AndroidManifest.xml:117:17-84
181-->[com.onesignal:OneSignal:4.8.2] AndroidManifest.xml:117:25-81
182            </intent-filter>
183        </receiver>
184
185        <activity
185-->[com.onesignal:OneSignal:4.8.2] AndroidManifest.xml:121:9-127:75
186            android:name="com.onesignal.NotificationOpenedReceiver"
186-->[com.onesignal:OneSignal:4.8.2] AndroidManifest.xml:122:13-68
187            android:excludeFromRecents="true"
187-->[com.onesignal:OneSignal:4.8.2] AndroidManifest.xml:123:13-46
188            android:exported="true"
188-->[com.onesignal:OneSignal:4.8.2] AndroidManifest.xml:124:13-36
189            android:noHistory="true"
189-->[com.onesignal:OneSignal:4.8.2] AndroidManifest.xml:125:13-37
190            android:taskAffinity=""
190-->[com.onesignal:OneSignal:4.8.2] AndroidManifest.xml:126:13-36
191            android:theme="@android:style/Theme.Translucent.NoTitleBar" />
191-->[com.onesignal:OneSignal:4.8.2] AndroidManifest.xml:127:13-72
192        <activity
192-->[com.onesignal:OneSignal:4.8.2] AndroidManifest.xml:128:9-133:75
193            android:name="com.onesignal.NotificationOpenedReceiverAndroid22AndOlder"
193-->[com.onesignal:OneSignal:4.8.2] AndroidManifest.xml:129:13-85
194            android:excludeFromRecents="true"
194-->[com.onesignal:OneSignal:4.8.2] AndroidManifest.xml:130:13-46
195            android:exported="true"
195-->[com.onesignal:OneSignal:4.8.2] AndroidManifest.xml:131:13-36
196            android:noHistory="true"
196-->[com.onesignal:OneSignal:4.8.2] AndroidManifest.xml:132:13-37
197            android:theme="@android:style/Theme.Translucent.NoTitleBar" />
197-->[com.onesignal:OneSignal:4.8.2] AndroidManifest.xml:133:13-72
198
199        <uses-library
199-->[androidx.window:window:1.0.0-beta04] AndroidManifest.xml:25:9-27:40
200            android:name="androidx.window.extensions"
200-->[androidx.window:window:1.0.0-beta04] AndroidManifest.xml:26:13-54
201            android:required="false" />
201-->[androidx.window:window:1.0.0-beta04] AndroidManifest.xml:27:13-37
202        <uses-library
202-->[androidx.window:window:1.0.0-beta04] AndroidManifest.xml:28:9-30:40
203            android:name="androidx.window.sidecar"
203-->[androidx.window:window:1.0.0-beta04] AndroidManifest.xml:29:13-51
204            android:required="false" />
204-->[androidx.window:window:1.0.0-beta04] AndroidManifest.xml:30:13-37
205
206        <receiver
206-->[com.google.firebase:firebase-messaging:23.0.8] AndroidManifest.xml:32:9-39:20
207            android:name="com.google.firebase.iid.FirebaseInstanceIdReceiver"
207-->[com.google.firebase:firebase-messaging:23.0.8] AndroidManifest.xml:33:13-78
208            android:exported="true"
208-->[com.google.firebase:firebase-messaging:23.0.8] AndroidManifest.xml:34:13-36
209            android:permission="com.google.android.c2dm.permission.SEND" >
209-->[com.google.firebase:firebase-messaging:23.0.8] AndroidManifest.xml:35:13-73
210            <intent-filter>
210-->[com.google.firebase:firebase-messaging:23.0.8] AndroidManifest.xml:36:13-38:29
211                <action android:name="com.google.android.c2dm.intent.RECEIVE" />
211-->[com.onesignal:OneSignal:4.8.2] AndroidManifest.xml:57:17-81
211-->[com.onesignal:OneSignal:4.8.2] AndroidManifest.xml:57:25-78
212            </intent-filter>
213        </receiver>
214        <!--
215             FirebaseMessagingService performs security checks at runtime,
216             but set to not exported to explicitly avoid allowing another app to call it.
217        -->
218        <service
218-->[com.google.firebase:firebase-messaging:23.0.8] AndroidManifest.xml:45:9-52:19
219            android:name="com.google.firebase.messaging.FirebaseMessagingService"
219-->[com.google.firebase:firebase-messaging:23.0.8] AndroidManifest.xml:46:13-82
220            android:directBootAware="true"
220-->[com.google.firebase:firebase-messaging:23.0.8] AndroidManifest.xml:47:13-43
221            android:exported="false" >
221-->[com.google.firebase:firebase-messaging:23.0.8] AndroidManifest.xml:48:13-37
222            <intent-filter android:priority="-500" >
222-->[com.google.firebase:firebase-messaging:23.0.8] AndroidManifest.xml:49:13-51:29
222-->[com.google.firebase:firebase-messaging:23.0.8] AndroidManifest.xml:49:28-51
223                <action android:name="com.google.firebase.MESSAGING_EVENT" />
223-->[com.google.firebase:firebase-messaging:23.0.8] AndroidManifest.xml:50:17-78
223-->[com.google.firebase:firebase-messaging:23.0.8] AndroidManifest.xml:50:25-75
224            </intent-filter>
225        </service>
226
227        <provider
227-->[com.google.firebase:firebase-common:20.1.2] AndroidManifest.xml:26:9-31:39
228            android:name="com.google.firebase.provider.FirebaseInitProvider"
228-->[com.google.firebase:firebase-common:20.1.2] AndroidManifest.xml:27:13-77
229            android:authorities="com.example.news_app.firebaseinitprovider"
229-->[com.google.firebase:firebase-common:20.1.2] AndroidManifest.xml:28:13-72
230            android:directBootAware="true"
230-->[com.google.firebase:firebase-common:20.1.2] AndroidManifest.xml:29:13-43
231            android:exported="false"
231-->[com.google.firebase:firebase-common:20.1.2] AndroidManifest.xml:30:13-37
232            android:initOrder="100" />
232-->[com.google.firebase:firebase-common:20.1.2] AndroidManifest.xml:31:13-36
233
234        <activity
234-->[com.google.android.gms:play-services-base:18.0.1] AndroidManifest.xml:20:9-22:45
235            android:name="com.google.android.gms.common.api.GoogleApiActivity"
235-->[com.google.android.gms:play-services-base:18.0.1] AndroidManifest.xml:20:19-85
236            android:exported="false"
236-->[com.google.android.gms:play-services-base:18.0.1] AndroidManifest.xml:22:19-43
237            android:theme="@android:style/Theme.Translucent.NoTitleBar" />
237-->[com.google.android.gms:play-services-base:18.0.1] AndroidManifest.xml:21:19-78
238
239        <meta-data
239-->[com.google.android.gms:play-services-basement:18.1.0] AndroidManifest.xml:21:9-23:69
240            android:name="com.google.android.gms.version"
240-->[com.google.android.gms:play-services-basement:18.1.0] AndroidManifest.xml:22:13-58
241            android:value="@integer/google_play_services_version" />
241-->[com.google.android.gms:play-services-basement:18.1.0] AndroidManifest.xml:23:13-66
242
243        <provider
243-->[androidx.work:work-runtime:2.7.1] AndroidManifest.xml:31:9-39:20
244            android:name="androidx.startup.InitializationProvider"
244-->[androidx.work:work-runtime:2.7.1] AndroidManifest.xml:32:13-67
245            android:authorities="com.example.news_app.androidx-startup"
245-->[androidx.work:work-runtime:2.7.1] AndroidManifest.xml:33:13-68
246            android:exported="false" >
246-->[androidx.work:work-runtime:2.7.1] AndroidManifest.xml:34:13-37
247            <meta-data
247-->[androidx.work:work-runtime:2.7.1] AndroidManifest.xml:36:13-38:52
248                android:name="androidx.work.WorkManagerInitializer"
248-->[androidx.work:work-runtime:2.7.1] AndroidManifest.xml:37:17-68
249                android:value="androidx.startup" />
249-->[androidx.work:work-runtime:2.7.1] AndroidManifest.xml:38:17-49
250        </provider>
251
252        <service
252-->[androidx.work:work-runtime:2.7.1] AndroidManifest.xml:41:9-46:35
253            android:name="androidx.work.impl.background.systemalarm.SystemAlarmService"
253-->[androidx.work:work-runtime:2.7.1] AndroidManifest.xml:42:13-88
254            android:directBootAware="false"
254-->[androidx.work:work-runtime:2.7.1] AndroidManifest.xml:43:13-44
255            android:enabled="@bool/enable_system_alarm_service_default"
255-->[androidx.work:work-runtime:2.7.1] AndroidManifest.xml:44:13-72
256            android:exported="false" />
256-->[androidx.work:work-runtime:2.7.1] AndroidManifest.xml:45:13-37
257        <service
257-->[androidx.work:work-runtime:2.7.1] AndroidManifest.xml:47:9-53:35
258            android:name="androidx.work.impl.background.systemjob.SystemJobService"
258-->[androidx.work:work-runtime:2.7.1] AndroidManifest.xml:48:13-84
259            android:directBootAware="false"
259-->[androidx.work:work-runtime:2.7.1] AndroidManifest.xml:49:13-44
260            android:enabled="@bool/enable_system_job_service_default"
260-->[androidx.work:work-runtime:2.7.1] AndroidManifest.xml:50:13-70
261            android:exported="true"
261-->[androidx.work:work-runtime:2.7.1] AndroidManifest.xml:51:13-36
262            android:permission="android.permission.BIND_JOB_SERVICE" />
262-->[androidx.work:work-runtime:2.7.1] AndroidManifest.xml:52:13-69
263        <service
263-->[androidx.work:work-runtime:2.7.1] AndroidManifest.xml:54:9-59:35
264            android:name="androidx.work.impl.foreground.SystemForegroundService"
264-->[androidx.work:work-runtime:2.7.1] AndroidManifest.xml:55:13-81
265            android:directBootAware="false"
265-->[androidx.work:work-runtime:2.7.1] AndroidManifest.xml:56:13-44
266            android:enabled="@bool/enable_system_foreground_service_default"
266-->[androidx.work:work-runtime:2.7.1] AndroidManifest.xml:57:13-77
267            android:exported="false" />
267-->[androidx.work:work-runtime:2.7.1] AndroidManifest.xml:58:13-37
268
269        <receiver
269-->[androidx.work:work-runtime:2.7.1] AndroidManifest.xml:61:9-66:35
270            android:name="androidx.work.impl.utils.ForceStopRunnable$BroadcastReceiver"
270-->[androidx.work:work-runtime:2.7.1] AndroidManifest.xml:62:13-88
271            android:directBootAware="false"
271-->[androidx.work:work-runtime:2.7.1] AndroidManifest.xml:63:13-44
272            android:enabled="true"
272-->[androidx.work:work-runtime:2.7.1] AndroidManifest.xml:64:13-35
273            android:exported="false" />
273-->[androidx.work:work-runtime:2.7.1] AndroidManifest.xml:65:13-37
274        <receiver
274-->[androidx.work:work-runtime:2.7.1] AndroidManifest.xml:67:9-77:20
275            android:name="androidx.work.impl.background.systemalarm.ConstraintProxy$BatteryChargingProxy"
275-->[androidx.work:work-runtime:2.7.1] AndroidManifest.xml:68:13-106
276            android:directBootAware="false"
276-->[androidx.work:work-runtime:2.7.1] AndroidManifest.xml:69:13-44
277            android:enabled="false"
277-->[androidx.work:work-runtime:2.7.1] AndroidManifest.xml:70:13-36
278            android:exported="false" >
278-->[androidx.work:work-runtime:2.7.1] AndroidManifest.xml:71:13-37
279            <intent-filter>
279-->[androidx.work:work-runtime:2.7.1] AndroidManifest.xml:73:13-76:29
280                <action android:name="android.intent.action.ACTION_POWER_CONNECTED" />
280-->[androidx.work:work-runtime:2.7.1] AndroidManifest.xml:74:17-87
280-->[androidx.work:work-runtime:2.7.1] AndroidManifest.xml:74:25-84
281                <action android:name="android.intent.action.ACTION_POWER_DISCONNECTED" />
281-->[androidx.work:work-runtime:2.7.1] AndroidManifest.xml:75:17-90
281-->[androidx.work:work-runtime:2.7.1] AndroidManifest.xml:75:25-87
282            </intent-filter>
283        </receiver>
284        <receiver
284-->[androidx.work:work-runtime:2.7.1] AndroidManifest.xml:78:9-88:20
285            android:name="androidx.work.impl.background.systemalarm.ConstraintProxy$BatteryNotLowProxy"
285-->[androidx.work:work-runtime:2.7.1] AndroidManifest.xml:79:13-104
286            android:directBootAware="false"
286-->[androidx.work:work-runtime:2.7.1] AndroidManifest.xml:80:13-44
287            android:enabled="false"
287-->[androidx.work:work-runtime:2.7.1] AndroidManifest.xml:81:13-36